2017-11-22 20:29:25.979 ERROR 1724 --- [restartedMain] o.a.coyote.http11.Http11NioProtocol      : Failed to start end point associated with ProtocolHandler ["http-nio-8081"]

java.net.BindException: Address already in use: bind
	at sun.nio.ch.Net.bind0(Native Method) ~[na:1.8.0_101]
	at sun.nio.ch.Net.bind(Net.java:433) ~[na:1.8.0_101]
	at sun.nio.ch.Net.bind(Net.java:425) ~[na:1.8.0_101]
	at sun.nio.ch.ServerSocketChannelImpl.bind(ServerSocketChannelImpl.java:223) ~[na:1.8.0_101]
	at sun.nio.ch.ServerSocketAdaptor.bind(ServerSocketAdaptor.java:74) ~[na:1.8.0_101]
	at org.apache.tomcat.util.net.NioEndpoint.bind(NioEndpoint.java:210) ~[tomcat-embed-core-8.5.23.jar:8.5.23]
	at org.apache.tomcat.util.net.AbstractEndpoint.start(AbstractEndpoint.java:990) ~[tomcat-embed-core-8.5.23.jar:8.5.23]
	at org.apache.coyote.AbstractProtocol.start(AbstractProtocol.java:635) ~[tomcat-embed-core-8.5.23.jar:8.5.23]
	at org.apache.catalina.connector.Connector.startInternal(Connector.java:1022) [tomcat-embed-core-8.5.23.jar:8.5.23]
	at org.apache.catalina.util.LifecycleBase.start(LifecycleBase.java:150) [tomcat-embed-core-8.5.23.jar:8.5.23]
	at org.apache.catalina.core.StandardService.addConnector(StandardService.java:225) [tomcat-embed-core-8.5.23.jar:8.5.23]
	at org.springframework.boot.context.embedded.tomcat.TomcatEmbeddedServletContainer.addPreviouslyRemovedConnectors(TomcatEmbeddedServletContainer.java:250) [spring-boot-1.5.8.RELEASE.jar:1.5.8.RELEASE]
	at org.springframework.boot.context.embedded.tomcat.TomcatEmbeddedServletContainer.start(TomcatEmbeddedServletContainer.java:193) [spring-boot-1.5.8.RELEASE.jar:1.5.8.RELEASE]
	at org.springframework.boot.context.embedded.EmbeddedWebApplicationContext.startEmbeddedServletContainer(EmbeddedWebApplicationContext.java:297) [spring-boot-1.5.8.RELEASE.jar:1.5.8.RELEASE]
	at org.springframework.boot.context.embedded.EmbeddedWebApplicationContext.finishRefresh(EmbeddedWebApplicationContext.java:145) [spring-boot-1.5.8.RELEASE.jar:1.5.8.RELEASE]
	at org.springframework.context.support.AbstractApplicationContext.refresh(AbstractApplicationContext.java:546) [spring-context-4.3.12.RELEASE.jar:4.3.12.RELEASE]
	at org.springframework.boot.context.embedded.EmbeddedWebApplicationContext.refresh(EmbeddedWebApplicationContext.java:122) [spring-boot-1.5.8.RELEASE.jar:1.5.8.RELEASE]
	at org.springframework.boot.SpringApplication.refresh(SpringApplication.java:693) [spring-boot-1.5.8.RELEASE.jar:1.5.8.RELEASE]
	at org.springframework.boot.SpringApplication.refreshContext(SpringApplication.java:360) [spring-boot-1.5.8.RELEASE.jar:1.5.8.RELEASE]
	at org.springframework.boot.SpringApplication.run(SpringApplication.java:303) [spring-boot-1.5.8.RELEASE.jar:1.5.8.RELEASE]
	at org.springframework.boot.SpringApplication.run(SpringApplication.java:1118) [spring-boot-1.5.8.RELEASE.jar:1.5.8.RELEASE]
	at org.springframework.boot.SpringApplication.run(SpringApplication.java:1107) [spring-boot-1.5.8.RELEASE.jar:1.5.8.RELEASE]
	at com.example.simplemvc.SimpleMVCApplication.main(SimpleMVCApplication.java:10) [classes/:na]
	at sun.reflect.NativeMethodAccessorImpl.invoke0(Native Method) ~[na:1.8.0_101]
	at sun.reflect.NativeMethodAccessorImpl.invoke(NativeMethodAccessorImpl.java:62) ~[na:1.8.0_101]
	at sun.reflect.DelegatingMethodAccessorImpl.invoke(DelegatingMethodAccessorImpl.java:43) ~[na:1.8.0_101]
	at java.lang.reflect.Method.invoke(Method.java:498) ~[na:1.8.0_101]
	at org.springframework.boot.devtools.restart.RestartLauncher.run(RestartLauncher.java:49) [spring-boot-devtools-1.5.8.RELEASE.jar:1.5.8.RELEASE]

2017-11-22 20:29:25.982 ERROR 1724 --- [restartedMain] o.apache.catalina.core.StandardService   : Failed to start connector [Connector[HTTP/1.1-8081]]

org.apache.catalina.LifecycleException: Failed to start component [Connector[HTTP/1.1-8081]]
	at org.apache.catalina.util.LifecycleBase.start(LifecycleBase.java:167) ~[tomcat-embed-core-8.5.23.jar:8.5.23]
	at org.apache.catalina.core.StandardService.addConnector(StandardService.java:225) ~[tomcat-embed-core-8.5.23.jar:8.5.23]
	at org.springframework.boot.context.embedded.tomcat.TomcatEmbeddedServletContainer.addPreviouslyRemovedConnectors(TomcatEmbeddedServletContainer.java:250) [spring-boot-1.5.8.RELEASE.jar:1.5.8.RELEASE]
	at org.springframework.boot.context.embedded.tomcat.TomcatEmbeddedServletContainer.start(TomcatEmbeddedServletContainer.java:193) [spring-boot-1.5.8.RELEASE.jar:1.5.8.RELEASE]
	at org.springframework.boot.context.embedded.EmbeddedWebApplicationContext.startEmbeddedServletContainer(EmbeddedWebApplicationContext.java:297) [spring-boot-1.5.8.RELEASE.jar:1.5.8.RELEASE]
	at org.springframework.boot.context.embedded.EmbeddedWebApplicationContext.finishRefresh(EmbeddedWebApplicationContext.java:145) [spring-boot-1.5.8.RELEASE.jar:1.5.8.RELEASE]
	at org.springframework.context.support.AbstractApplicationContext.refresh(AbstractApplicationContext.java:546) [spring-context-4.3.12.RELEASE.jar:4.3.12.RELEASE]
	at org.springframework.boot.context.embedded.EmbeddedWebApplicationContext.refresh(EmbeddedWebApplicationContext.java:122) [spring-boot-1.5.8.RELEASE.jar:1.5.8.RELEASE]
	at org.springframework.boot.SpringApplication.refresh(SpringApplication.java:693) [spring-boot-1.5.8.RELEASE.jar:1.5.8.RELEASE]
	at org.springframework.boot.SpringApplication.refreshContext(SpringApplication.java:360) [spring-boot-1.5.8.RELEASE.jar:1.5.8.RELEASE]
	at org.springframework.boot.SpringApplication.run(SpringApplication.java:303) [spring-boot-1.5.8.RELEASE.jar:1.5.8.RELEASE]
	at org.springframework.boot.SpringApplication.run(SpringApplication.java:1118) [spring-boot-1.5.8.RELEASE.jar:1.5.8.RELEASE]
	at org.springframework.boot.SpringApplication.run(SpringApplication.java:1107) [spring-boot-1.5.8.RELEASE.jar:1.5.8.RELEASE]
	at com.example.simplemvc.SimpleMVCApplication.main(SimpleMVCApplication.java:10) [classes/:na]
	at sun.reflect.NativeMethodAccessorImpl.invoke0(Native Method) ~[na:1.8.0_101]
	at sun.reflect.NativeMethodAccessorImpl.invoke(NativeMethodAccessorImpl.java:62) ~[na:1.8.0_101]
	at sun.reflect.DelegatingMethodAccessorImpl.invoke(DelegatingMethodAccessorImpl.java:43) ~[na:1.8.0_101]
	at java.lang.reflect.Method.invoke(Method.java:498) ~[na:1.8.0_101]
	at org.springframework.boot.devtools.restart.RestartLauncher.run(RestartLauncher.java:49) [spring-boot-devtools-1.5.8.RELEASE.jar:1.5.8.RELEASE]
Caused by: org.apache.catalina.LifecycleException: service.getName(): "Tomcat";  Protocol handler start failed
	at org.apache.catalina.connector.Connector.startInternal(Connector.java:1031) ~[tomcat-embed-core-8.5.23.jar:8.5.23]
	at org.apache.catalina.util.LifecycleBase.start(LifecycleBase.java:150) ~[tomcat-embed-core-8.5.23.jar:8.5.23]
	... 18 common frames omitted
Caused by: java.net.BindException: Address already in use: bind
	at sun.nio.ch.Net.bind0(Native Method) ~[na:1.8.0_101]
	at sun.nio.ch.Net.bind(Net.java:433) ~[na:1.8.0_101]
	at sun.nio.ch.Net.bind(Net.java:425) ~[na:1.8.0_101]
	at sun.nio.ch.ServerSocketChannelImpl.bind(ServerSocketChannelImpl.java:223) ~[na:1.8.0_101]
	at sun.nio.ch.ServerSocketAdaptor.bind(ServerSocketAdaptor.java:74) ~[na:1.8.0_101]
	at org.apache.tomcat.util.net.NioEndpoint.bind(NioEndpoint.java:210) ~[tomcat-embed-core-8.5.23.jar:8.5.23]
	at org.apache.tomcat.util.net.AbstractEndpoint.start(AbstractEndpoint.java:990) ~[tomcat-embed-core-8.5.23.jar:8.5.23]
	at org.apache.coyote.AbstractProtocol.start(AbstractProtocol.java:635) ~[tomcat-embed-core-8.5.23.jar:8.5.23]
	at org.apache.catalina.connector.Connector.startInternal(Connector.java:1022) ~[tomcat-embed-core-8.5.23.jar:8.5.23]
	... 19 common frames omitted

2017-11-22 20:29:26.022 ERROR 1724 --- [restartedMain] o.s.b.d.LoggingFailureAnalysisReporter   : 

***************************
APPLICATION FAILED TO START
***************************

Description:

The Tomcat connector configured to listen on port 8081 failed to start. The port may already be in use or the connector may be misconfigured.

Action:

Verify the connector's configuration, identify and stop any process that's listening on port 8081, or configure this application to listen on another port.

2017-11-22 20:32:31.793 ERROR 5620 --- [restartedMain] o.a.coyote.http11.Http11NioProtocol      : Failed to start end point associated with ProtocolHandler ["http-nio-8080"]

java.net.BindException: Address already in use: bind
	at sun.nio.ch.Net.bind0(Native Method) ~[na:1.8.0_101]
	at sun.nio.ch.Net.bind(Net.java:433) ~[na:1.8.0_101]
	at sun.nio.ch.Net.bind(Net.java:425) ~[na:1.8.0_101]
	at sun.nio.ch.ServerSocketChannelImpl.bind(ServerSocketChannelImpl.java:223) ~[na:1.8.0_101]
	at sun.nio.ch.ServerSocketAdaptor.bind(ServerSocketAdaptor.java:74) ~[na:1.8.0_101]
	at org.apache.tomcat.util.net.NioEndpoint.bind(NioEndpoint.java:210) ~[tomcat-embed-core-8.5.23.jar:8.5.23]
	at org.apache.tomcat.util.net.AbstractEndpoint.start(AbstractEndpoint.java:990) ~[tomcat-embed-core-8.5.23.jar:8.5.23]
	at org.apache.coyote.AbstractProtocol.start(AbstractProtocol.java:635) ~[tomcat-embed-core-8.5.23.jar:8.5.23]
	at org.apache.catalina.connector.Connector.startInternal(Connector.java:1022) [tomcat-embed-core-8.5.23.jar:8.5.23]
	at org.apache.catalina.util.LifecycleBase.start(LifecycleBase.java:150) [tomcat-embed-core-8.5.23.jar:8.5.23]
	at org.apache.catalina.core.StandardService.addConnector(StandardService.java:225) [tomcat-embed-core-8.5.23.jar:8.5.23]
	at org.springframework.boot.context.embedded.tomcat.TomcatEmbeddedServletContainer.addPreviouslyRemovedConnectors(TomcatEmbeddedServletContainer.java:250) [spring-boot-1.5.8.RELEASE.jar:1.5.8.RELEASE]
	at org.springframework.boot.context.embedded.tomcat.TomcatEmbeddedServletContainer.start(TomcatEmbeddedServletContainer.java:193) [spring-boot-1.5.8.RELEASE.jar:1.5.8.RELEASE]
	at org.springframework.boot.context.embedded.EmbeddedWebApplicationContext.startEmbeddedServletContainer(EmbeddedWebApplicationContext.java:297) [spring-boot-1.5.8.RELEASE.jar:1.5.8.RELEASE]
	at org.springframework.boot.context.embedded.EmbeddedWebApplicationContext.finishRefresh(EmbeddedWebApplicationContext.java:145) [spring-boot-1.5.8.RELEASE.jar:1.5.8.RELEASE]
	at org.springframework.context.support.AbstractApplicationContext.refresh(AbstractApplicationContext.java:546) [spring-context-4.3.12.RELEASE.jar:4.3.12.RELEASE]
	at org.springframework.boot.context.embedded.EmbeddedWebApplicationContext.refresh(EmbeddedWebApplicationContext.java:122) [spring-boot-1.5.8.RELEASE.jar:1.5.8.RELEASE]
	at org.springframework.boot.SpringApplication.refresh(SpringApplication.java:693) [spring-boot-1.5.8.RELEASE.jar:1.5.8.RELEASE]
	at org.springframework.boot.SpringApplication.refreshContext(SpringApplication.java:360) [spring-boot-1.5.8.RELEASE.jar:1.5.8.RELEASE]
	at org.springframework.boot.SpringApplication.run(SpringApplication.java:303) [spring-boot-1.5.8.RELEASE.jar:1.5.8.RELEASE]
	at org.springframework.boot.SpringApplication.run(SpringApplication.java:1118) [spring-boot-1.5.8.RELEASE.jar:1.5.8.RELEASE]
	at org.springframework.boot.SpringApplication.run(SpringApplication.java:1107) [spring-boot-1.5.8.RELEASE.jar:1.5.8.RELEASE]
	at com.example.simplemvc.SimpleMVCApplication.main(SimpleMVCApplication.java:10) [classes/:na]
	at sun.reflect.NativeMethodAccessorImpl.invoke0(Native Method) ~[na:1.8.0_101]
	at sun.reflect.NativeMethodAccessorImpl.invoke(NativeMethodAccessorImpl.java:62) ~[na:1.8.0_101]
	at sun.reflect.DelegatingMethodAccessorImpl.invoke(DelegatingMethodAccessorImpl.java:43) ~[na:1.8.0_101]
	at java.lang.reflect.Method.invoke(Method.java:498) ~[na:1.8.0_101]
	at org.springframework.boot.devtools.restart.RestartLauncher.run(RestartLauncher.java:49) [spring-boot-devtools-1.5.8.RELEASE.jar:1.5.8.RELEASE]

2017-11-22 20:32:31.800 ERROR 5620 --- [restartedMain] o.apache.catalina.core.StandardService   : Failed to start connector [Connector[HTTP/1.1-8080]]

org.apache.catalina.LifecycleException: Failed to start component [Connector[HTTP/1.1-8080]]
	at org.apache.catalina.util.LifecycleBase.start(LifecycleBase.java:167) ~[tomcat-embed-core-8.5.23.jar:8.5.23]
	at org.apache.catalina.core.StandardService.addConnector(StandardService.java:225) ~[tomcat-embed-core-8.5.23.jar:8.5.23]
	at org.springframework.boot.context.embedded.tomcat.TomcatEmbeddedServletContainer.addPreviouslyRemovedConnectors(TomcatEmbeddedServletContainer.java:250) [spring-boot-1.5.8.RELEASE.jar:1.5.8.RELEASE]
	at org.springframework.boot.context.embedded.tomcat.TomcatEmbeddedServletContainer.start(TomcatEmbeddedServletContainer.java:193) [spring-boot-1.5.8.RELEASE.jar:1.5.8.RELEASE]
	at org.springframework.boot.context.embedded.EmbeddedWebApplicationContext.startEmbeddedServletContainer(EmbeddedWebApplicationContext.java:297) [spring-boot-1.5.8.RELEASE.jar:1.5.8.RELEASE]
	at org.springframework.boot.context.embedded.EmbeddedWebApplicationContext.finishRefresh(EmbeddedWebApplicationContext.java:145) [spring-boot-1.5.8.RELEASE.jar:1.5.8.RELEASE]
	at org.springframework.context.support.AbstractApplicationContext.refresh(AbstractApplicationContext.java:546) [spring-context-4.3.12.RELEASE.jar:4.3.12.RELEASE]
	at org.springframework.boot.context.embedded.EmbeddedWebApplicationContext.refresh(EmbeddedWebApplicationContext.java:122) [spring-boot-1.5.8.RELEASE.jar:1.5.8.RELEASE]
	at org.springframework.boot.SpringApplication.refresh(SpringApplication.java:693) [spring-boot-1.5.8.RELEASE.jar:1.5.8.RELEASE]
	at org.springframework.boot.SpringApplication.refreshContext(SpringApplication.java:360) [spring-boot-1.5.8.RELEASE.jar:1.5.8.RELEASE]
	at org.springframework.boot.SpringApplication.run(SpringApplication.java:303) [spring-boot-1.5.8.RELEASE.jar:1.5.8.RELEASE]
	at org.springframework.boot.SpringApplication.run(SpringApplication.java:1118) [spring-boot-1.5.8.RELEASE.jar:1.5.8.RELEASE]
	at org.springframework.boot.SpringApplication.run(SpringApplication.java:1107) [spring-boot-1.5.8.RELEASE.jar:1.5.8.RELEASE]
	at com.example.simplemvc.SimpleMVCApplication.main(SimpleMVCApplication.java:10) [classes/:na]
	at sun.reflect.NativeMethodAccessorImpl.invoke0(Native Method) ~[na:1.8.0_101]
	at sun.reflect.NativeMethodAccessorImpl.invoke(NativeMethodAccessorImpl.java:62) ~[na:1.8.0_101]
	at sun.reflect.DelegatingMethodAccessorImpl.invoke(DelegatingMethodAccessorImpl.java:43) ~[na:1.8.0_101]
	at java.lang.reflect.Method.invoke(Method.java:498) ~[na:1.8.0_101]
	at org.springframework.boot.devtools.restart.RestartLauncher.run(RestartLauncher.java:49) [spring-boot-devtools-1.5.8.RELEASE.jar:1.5.8.RELEASE]
Caused by: org.apache.catalina.LifecycleException: service.getName(): "Tomcat";  Protocol handler start failed
	at org.apache.catalina.connector.Connector.startInternal(Connector.java:1031) ~[tomcat-embed-core-8.5.23.jar:8.5.23]
	at org.apache.catalina.util.LifecycleBase.start(LifecycleBase.java:150) ~[tomcat-embed-core-8.5.23.jar:8.5.23]
	... 18 common frames omitted
Caused by: java.net.BindException: Address already in use: bind
	at sun.nio.ch.Net.bind0(Native Method) ~[na:1.8.0_101]
	at sun.nio.ch.Net.bind(Net.java:433) ~[na:1.8.0_101]
	at sun.nio.ch.Net.bind(Net.java:425) ~[na:1.8.0_101]
	at sun.nio.ch.ServerSocketChannelImpl.bind(ServerSocketChannelImpl.java:223) ~[na:1.8.0_101]
	at sun.nio.ch.ServerSocketAdaptor.bind(ServerSocketAdaptor.java:74) ~[na:1.8.0_101]
	at org.apache.tomcat.util.net.NioEndpoint.bind(NioEndpoint.java:210) ~[tomcat-embed-core-8.5.23.jar:8.5.23]
	at org.apache.tomcat.util.net.AbstractEndpoint.start(AbstractEndpoint.java:990) ~[tomcat-embed-core-8.5.23.jar:8.5.23]
	at org.apache.coyote.AbstractProtocol.start(AbstractProtocol.java:635) ~[tomcat-embed-core-8.5.23.jar:8.5.23]
	at org.apache.catalina.connector.Connector.startInternal(Connector.java:1022) ~[tomcat-embed-core-8.5.23.jar:8.5.23]
	... 19 common frames omitted

2017-11-22 20:32:31.844 ERROR 5620 --- [restartedMain] o.s.b.d.LoggingFailureAnalysisReporter   : 

***************************
APPLICATION FAILED TO START
***************************

Description:

The Tomcat connector configured to listen on port 8080 failed to start. The port may already be in use or the connector may be misconfigured.

Action:

Verify the connector's configuration, identify and stop any process that's listening on port 8080, or configure this application to listen on another port.

2017-11-22 20:33:10.051 ERROR 8124 --- [restartedMain] o.a.coyote.http11.Http11NioProtocol      : Failed to start end point associated with ProtocolHandler ["http-nio-8082"]

java.net.BindException: Address already in use: bind
	at sun.nio.ch.Net.bind0(Native Method) ~[na:1.8.0_101]
	at sun.nio.ch.Net.bind(Net.java:433) ~[na:1.8.0_101]
	at sun.nio.ch.Net.bind(Net.java:425) ~[na:1.8.0_101]
	at sun.nio.ch.ServerSocketChannelImpl.bind(ServerSocketChannelImpl.java:223) ~[na:1.8.0_101]
	at sun.nio.ch.ServerSocketAdaptor.bind(ServerSocketAdaptor.java:74) ~[na:1.8.0_101]
	at org.apache.tomcat.util.net.NioEndpoint.bind(NioEndpoint.java:210) ~[tomcat-embed-core-8.5.23.jar:8.5.23]
	at org.apache.tomcat.util.net.AbstractEndpoint.start(AbstractEndpoint.java:990) ~[tomcat-embed-core-8.5.23.jar:8.5.23]
	at org.apache.coyote.AbstractProtocol.start(AbstractProtocol.java:635) ~[tomcat-embed-core-8.5.23.jar:8.5.23]
	at org.apache.catalina.connector.Connector.startInternal(Connector.java:1022) [tomcat-embed-core-8.5.23.jar:8.5.23]
	at org.apache.catalina.util.LifecycleBase.start(LifecycleBase.java:150) [tomcat-embed-core-8.5.23.jar:8.5.23]
	at org.apache.catalina.core.StandardService.addConnector(StandardService.java:225) [tomcat-embed-core-8.5.23.jar:8.5.23]
	at org.springframework.boot.context.embedded.tomcat.TomcatEmbeddedServletContainer.addPreviouslyRemovedConnectors(TomcatEmbeddedServletContainer.java:250) [spring-boot-1.5.8.RELEASE.jar:1.5.8.RELEASE]
	at org.springframework.boot.context.embedded.tomcat.TomcatEmbeddedServletContainer.start(TomcatEmbeddedServletContainer.java:193) [spring-boot-1.5.8.RELEASE.jar:1.5.8.RELEASE]
	at org.springframework.boot.context.embedded.EmbeddedWebApplicationContext.startEmbeddedServletContainer(EmbeddedWebApplicationContext.java:297) [spring-boot-1.5.8.RELEASE.jar:1.5.8.RELEASE]
	at org.springframework.boot.context.embedded.EmbeddedWebApplicationContext.finishRefresh(EmbeddedWebApplicationContext.java:145) [spring-boot-1.5.8.RELEASE.jar:1.5.8.RELEASE]
	at org.springframework.context.support.AbstractApplicationContext.refresh(AbstractApplicationContext.java:546) [spring-context-4.3.12.RELEASE.jar:4.3.12.RELEASE]
	at org.springframework.boot.context.embedded.EmbeddedWebApplicationContext.refresh(EmbeddedWebApplicationContext.java:122) [spring-boot-1.5.8.RELEASE.jar:1.5.8.RELEASE]
	at org.springframework.boot.SpringApplication.refresh(SpringApplication.java:693) [spring-boot-1.5.8.RELEASE.jar:1.5.8.RELEASE]
	at org.springframework.boot.SpringApplication.refreshContext(SpringApplication.java:360) [spring-boot-1.5.8.RELEASE.jar:1.5.8.RELEASE]
	at org.springframework.boot.SpringApplication.run(SpringApplication.java:303) [spring-boot-1.5.8.RELEASE.jar:1.5.8.RELEASE]
	at org.springframework.boot.SpringApplication.run(SpringApplication.java:1118) [spring-boot-1.5.8.RELEASE.jar:1.5.8.RELEASE]
	at org.springframework.boot.SpringApplication.run(SpringApplication.java:1107) [spring-boot-1.5.8.RELEASE.jar:1.5.8.RELEASE]
	at com.example.simplemvc.SimpleMVCApplication.main(SimpleMVCApplication.java:10) [classes/:na]
	at sun.reflect.NativeMethodAccessorImpl.invoke0(Native Method) ~[na:1.8.0_101]
	at sun.reflect.NativeMethodAccessorImpl.invoke(NativeMethodAccessorImpl.java:62) ~[na:1.8.0_101]
	at sun.reflect.DelegatingMethodAccessorImpl.invoke(DelegatingMethodAccessorImpl.java:43) ~[na:1.8.0_101]
	at java.lang.reflect.Method.invoke(Method.java:498) ~[na:1.8.0_101]
	at org.springframework.boot.devtools.restart.RestartLauncher.run(RestartLauncher.java:49) [spring-boot-devtools-1.5.8.RELEASE.jar:1.5.8.RELEASE]

2017-11-22 20:33:10.055 ERROR 8124 --- [restartedMain] o.apache.catalina.core.StandardService   : Failed to start connector [Connector[HTTP/1.1-8082]]

org.apache.catalina.LifecycleException: Failed to start component [Connector[HTTP/1.1-8082]]
	at org.apache.catalina.util.LifecycleBase.start(LifecycleBase.java:167) ~[tomcat-embed-core-8.5.23.jar:8.5.23]
	at org.apache.catalina.core.StandardService.addConnector(StandardService.java:225) ~[tomcat-embed-core-8.5.23.jar:8.5.23]
	at org.springframework.boot.context.embedded.tomcat.TomcatEmbeddedServletContainer.addPreviouslyRemovedConnectors(TomcatEmbeddedServletContainer.java:250) [spring-boot-1.5.8.RELEASE.jar:1.5.8.RELEASE]
	at org.springframework.boot.context.embedded.tomcat.TomcatEmbeddedServletContainer.start(TomcatEmbeddedServletContainer.java:193) [spring-boot-1.5.8.RELEASE.jar:1.5.8.RELEASE]
	at org.springframework.boot.context.embedded.EmbeddedWebApplicationContext.startEmbeddedServletContainer(EmbeddedWebApplicationContext.java:297) [spring-boot-1.5.8.RELEASE.jar:1.5.8.RELEASE]
	at org.springframework.boot.context.embedded.EmbeddedWebApplicationContext.finishRefresh(EmbeddedWebApplicationContext.java:145) [spring-boot-1.5.8.RELEASE.jar:1.5.8.RELEASE]
	at org.springframework.context.support.AbstractApplicationContext.refresh(AbstractApplicationContext.java:546) [spring-context-4.3.12.RELEASE.jar:4.3.12.RELEASE]
	at org.springframework.boot.context.embedded.EmbeddedWebApplicationContext.refresh(EmbeddedWebApplicationContext.java:122) [spring-boot-1.5.8.RELEASE.jar:1.5.8.RELEASE]
	at org.springframework.boot.SpringApplication.refresh(SpringApplication.java:693) [spring-boot-1.5.8.RELEASE.jar:1.5.8.RELEASE]
	at org.springframework.boot.SpringApplication.refreshContext(SpringApplication.java:360) [spring-boot-1.5.8.RELEASE.jar:1.5.8.RELEASE]
	at org.springframework.boot.SpringApplication.run(SpringApplication.java:303) [spring-boot-1.5.8.RELEASE.jar:1.5.8.RELEASE]
	at org.springframework.boot.SpringApplication.run(SpringApplication.java:1118) [spring-boot-1.5.8.RELEASE.jar:1.5.8.RELEASE]
	at org.springframework.boot.SpringApplication.run(SpringApplication.java:1107) [spring-boot-1.5.8.RELEASE.jar:1.5.8.RELEASE]
	at com.example.simplemvc.SimpleMVCApplication.main(SimpleMVCApplication.java:10) [classes/:na]
	at sun.reflect.NativeMethodAccessorImpl.invoke0(Native Method) ~[na:1.8.0_101]
	at sun.reflect.NativeMethodAccessorImpl.invoke(NativeMethodAccessorImpl.java:62) ~[na:1.8.0_101]
	at sun.reflect.DelegatingMethodAccessorImpl.invoke(DelegatingMethodAccessorImpl.java:43) ~[na:1.8.0_101]
	at java.lang.reflect.Method.invoke(Method.java:498) ~[na:1.8.0_101]
	at org.springframework.boot.devtools.restart.RestartLauncher.run(RestartLauncher.java:49) [spring-boot-devtools-1.5.8.RELEASE.jar:1.5.8.RELEASE]
Caused by: org.apache.catalina.LifecycleException: service.getName(): "Tomcat";  Protocol handler start failed
	at org.apache.catalina.connector.Connector.startInternal(Connector.java:1031) ~[tomcat-embed-core-8.5.23.jar:8.5.23]
	at org.apache.catalina.util.LifecycleBase.start(LifecycleBase.java:150) ~[tomcat-embed-core-8.5.23.jar:8.5.23]
	... 18 common frames omitted
Caused by: java.net.BindException: Address already in use: bind
	at sun.nio.ch.Net.bind0(Native Method) ~[na:1.8.0_101]
	at sun.nio.ch.Net.bind(Net.java:433) ~[na:1.8.0_101]
	at sun.nio.ch.Net.bind(Net.java:425) ~[na:1.8.0_101]
	at sun.nio.ch.ServerSocketChannelImpl.bind(ServerSocketChannelImpl.java:223) ~[na:1.8.0_101]
	at sun.nio.ch.ServerSocketAdaptor.bind(ServerSocketAdaptor.java:74) ~[na:1.8.0_101]
	at org.apache.tomcat.util.net.NioEndpoint.bind(NioEndpoint.java:210) ~[tomcat-embed-core-8.5.23.jar:8.5.23]
	at org.apache.tomcat.util.net.AbstractEndpoint.start(AbstractEndpoint.java:990) ~[tomcat-embed-core-8.5.23.jar:8.5.23]
	at org.apache.coyote.AbstractProtocol.start(AbstractProtocol.java:635) ~[tomcat-embed-core-8.5.23.jar:8.5.23]
	at org.apache.catalina.connector.Connector.startInternal(Connector.java:1022) ~[tomcat-embed-core-8.5.23.jar:8.5.23]
	... 19 common frames omitted

2017-11-22 20:33:10.088 ERROR 8124 --- [restartedMain] o.s.b.d.LoggingFailureAnalysisReporter   : 

***************************
APPLICATION FAILED TO START
***************************

Description:

The Tomcat connector configured to listen on port 8082 failed to start. The port may already be in use or the connector may be misconfigured.

Action:

Verify the connector's configuration, identify and stop any process that's listening on port 8082, or configure this application to listen on another port.

2017-11-22 20:33:59.045 ERROR 3872 --- [restartedMain] o.a.coyote.http11.Http11NioProtocol      : Failed to start end point associated with ProtocolHandler ["http-nio-8084"]

java.net.BindException: Address already in use: bind
	at sun.nio.ch.Net.bind0(Native Method) ~[na:1.8.0_101]
	at sun.nio.ch.Net.bind(Net.java:433) ~[na:1.8.0_101]
	at sun.nio.ch.Net.bind(Net.java:425) ~[na:1.8.0_101]
	at sun.nio.ch.ServerSocketChannelImpl.bind(ServerSocketChannelImpl.java:223) ~[na:1.8.0_101]
	at sun.nio.ch.ServerSocketAdaptor.bind(ServerSocketAdaptor.java:74) ~[na:1.8.0_101]
	at org.apache.tomcat.util.net.NioEndpoint.bind(NioEndpoint.java:210) ~[tomcat-embed-core-8.5.23.jar:8.5.23]
	at org.apache.tomcat.util.net.AbstractEndpoint.start(AbstractEndpoint.java:990) ~[tomcat-embed-core-8.5.23.jar:8.5.23]
	at org.apache.coyote.AbstractProtocol.start(AbstractProtocol.java:635) ~[tomcat-embed-core-8.5.23.jar:8.5.23]
	at org.apache.catalina.connector.Connector.startInternal(Connector.java:1022) [tomcat-embed-core-8.5.23.jar:8.5.23]
	at org.apache.catalina.util.LifecycleBase.start(LifecycleBase.java:150) [tomcat-embed-core-8.5.23.jar:8.5.23]
	at org.apache.catalina.core.StandardService.addConnector(StandardService.java:225) [tomcat-embed-core-8.5.23.jar:8.5.23]
	at org.springframework.boot.context.embedded.tomcat.TomcatEmbeddedServletContainer.addPreviouslyRemovedConnectors(TomcatEmbeddedServletContainer.java:250) [spring-boot-1.5.8.RELEASE.jar:1.5.8.RELEASE]
	at org.springframework.boot.context.embedded.tomcat.TomcatEmbeddedServletContainer.start(TomcatEmbeddedServletContainer.java:193) [spring-boot-1.5.8.RELEASE.jar:1.5.8.RELEASE]
	at org.springframework.boot.context.embedded.EmbeddedWebApplicationContext.startEmbeddedServletContainer(EmbeddedWebApplicationContext.java:297) [spring-boot-1.5.8.RELEASE.jar:1.5.8.RELEASE]
	at org.springframework.boot.context.embedded.EmbeddedWebApplicationContext.finishRefresh(EmbeddedWebApplicationContext.java:145) [spring-boot-1.5.8.RELEASE.jar:1.5.8.RELEASE]
	at org.springframework.context.support.AbstractApplicationContext.refresh(AbstractApplicationContext.java:546) [spring-context-4.3.12.RELEASE.jar:4.3.12.RELEASE]
	at org.springframework.boot.context.embedded.EmbeddedWebApplicationContext.refresh(EmbeddedWebApplicationContext.java:122) [spring-boot-1.5.8.RELEASE.jar:1.5.8.RELEASE]
	at org.springframework.boot.SpringApplication.refresh(SpringApplication.java:693) [spring-boot-1.5.8.RELEASE.jar:1.5.8.RELEASE]
	at org.springframework.boot.SpringApplication.refreshContext(SpringApplication.java:360) [spring-boot-1.5.8.RELEASE.jar:1.5.8.RELEASE]
	at org.springframework.boot.SpringApplication.run(SpringApplication.java:303) [spring-boot-1.5.8.RELEASE.jar:1.5.8.RELEASE]
	at org.springframework.boot.SpringApplication.run(SpringApplication.java:1118) [spring-boot-1.5.8.RELEASE.jar:1.5.8.RELEASE]
	at org.springframework.boot.SpringApplication.run(SpringApplication.java:1107) [spring-boot-1.5.8.RELEASE.jar:1.5.8.RELEASE]
	at com.example.simplemvc.SimpleMVCApplication.main(SimpleMVCApplication.java:10) [classes/:na]
	at sun.reflect.NativeMethodAccessorImpl.invoke0(Native Method) ~[na:1.8.0_101]
	at sun.reflect.NativeMethodAccessorImpl.invoke(NativeMethodAccessorImpl.java:62) ~[na:1.8.0_101]
	at sun.reflect.DelegatingMethodAccessorImpl.invoke(DelegatingMethodAccessorImpl.java:43) ~[na:1.8.0_101]
	at java.lang.reflect.Method.invoke(Method.java:498) ~[na:1.8.0_101]
	at org.springframework.boot.devtools.restart.RestartLauncher.run(RestartLauncher.java:49) [spring-boot-devtools-1.5.8.RELEASE.jar:1.5.8.RELEASE]

2017-11-22 20:33:59.048 ERROR 3872 --- [restartedMain] o.apache.catalina.core.StandardService   : Failed to start connector [Connector[HTTP/1.1-8084]]

org.apache.catalina.LifecycleException: Failed to start component [Connector[HTTP/1.1-8084]]
	at org.apache.catalina.util.LifecycleBase.start(LifecycleBase.java:167) ~[tomcat-embed-core-8.5.23.jar:8.5.23]
	at org.apache.catalina.core.StandardService.addConnector(StandardService.java:225) ~[tomcat-embed-core-8.5.23.jar:8.5.23]
	at org.springframework.boot.context.embedded.tomcat.TomcatEmbeddedServletContainer.addPreviouslyRemovedConnectors(TomcatEmbeddedServletContainer.java:250) [spring-boot-1.5.8.RELEASE.jar:1.5.8.RELEASE]
	at org.springframework.boot.context.embedded.tomcat.TomcatEmbeddedServletContainer.start(TomcatEmbeddedServletContainer.java:193) [spring-boot-1.5.8.RELEASE.jar:1.5.8.RELEASE]
	at org.springframework.boot.context.embedded.EmbeddedWebApplicationContext.startEmbeddedServletContainer(EmbeddedWebApplicationContext.java:297) [spring-boot-1.5.8.RELEASE.jar:1.5.8.RELEASE]
	at org.springframework.boot.context.embedded.EmbeddedWebApplicationContext.finishRefresh(EmbeddedWebApplicationContext.java:145) [spring-boot-1.5.8.RELEASE.jar:1.5.8.RELEASE]
	at org.springframework.context.support.AbstractApplicationContext.refresh(AbstractApplicationContext.java:546) [spring-context-4.3.12.RELEASE.jar:4.3.12.RELEASE]
	at org.springframework.boot.context.embedded.EmbeddedWebApplicationContext.refresh(EmbeddedWebApplicationContext.java:122) [spring-boot-1.5.8.RELEASE.jar:1.5.8.RELEASE]
	at org.springframework.boot.SpringApplication.refresh(SpringApplication.java:693) [spring-boot-1.5.8.RELEASE.jar:1.5.8.RELEASE]
	at org.springframework.boot.SpringApplication.refreshContext(SpringApplication.java:360) [spring-boot-1.5.8.RELEASE.jar:1.5.8.RELEASE]
	at org.springframework.boot.SpringApplication.run(SpringApplication.java:303) [spring-boot-1.5.8.RELEASE.jar:1.5.8.RELEASE]
	at org.springframework.boot.SpringApplication.run(SpringApplication.java:1118) [spring-boot-1.5.8.RELEASE.jar:1.5.8.RELEASE]
	at org.springframework.boot.SpringApplication.run(SpringApplication.java:1107) [spring-boot-1.5.8.RELEASE.jar:1.5.8.RELEASE]
	at com.example.simplemvc.SimpleMVCApplication.main(SimpleMVCApplication.java:10) [classes/:na]
	at sun.reflect.NativeMethodAccessorImpl.invoke0(Native Method) ~[na:1.8.0_101]
	at sun.reflect.NativeMethodAccessorImpl.invoke(NativeMethodAccessorImpl.java:62) ~[na:1.8.0_101]
	at sun.reflect.DelegatingMethodAccessorImpl.invoke(DelegatingMethodAccessorImpl.java:43) ~[na:1.8.0_101]
	at java.lang.reflect.Method.invoke(Method.java:498) ~[na:1.8.0_101]
	at org.springframework.boot.devtools.restart.RestartLauncher.run(RestartLauncher.java:49) [spring-boot-devtools-1.5.8.RELEASE.jar:1.5.8.RELEASE]
Caused by: org.apache.catalina.LifecycleException: service.getName(): "Tomcat";  Protocol handler start failed
	at org.apache.catalina.connector.Connector.startInternal(Connector.java:1031) ~[tomcat-embed-core-8.5.23.jar:8.5.23]
	at org.apache.catalina.util.LifecycleBase.start(LifecycleBase.java:150) ~[tomcat-embed-core-8.5.23.jar:8.5.23]
	... 18 common frames omitted
Caused by: java.net.BindException: Address already in use: bind
	at sun.nio.ch.Net.bind0(Native Method) ~[na:1.8.0_101]
	at sun.nio.ch.Net.bind(Net.java:433) ~[na:1.8.0_101]
	at sun.nio.ch.Net.bind(Net.java:425) ~[na:1.8.0_101]
	at sun.nio.ch.ServerSocketChannelImpl.bind(ServerSocketChannelImpl.java:223) ~[na:1.8.0_101]
	at sun.nio.ch.ServerSocketAdaptor.bind(ServerSocketAdaptor.java:74) ~[na:1.8.0_101]
	at org.apache.tomcat.util.net.NioEndpoint.bind(NioEndpoint.java:210) ~[tomcat-embed-core-8.5.23.jar:8.5.23]
	at org.apache.tomcat.util.net.AbstractEndpoint.start(AbstractEndpoint.java:990) ~[tomcat-embed-core-8.5.23.jar:8.5.23]
	at org.apache.coyote.AbstractProtocol.start(AbstractProtocol.java:635) ~[tomcat-embed-core-8.5.23.jar:8.5.23]
	at org.apache.catalina.connector.Connector.startInternal(Connector.java:1022) ~[tomcat-embed-core-8.5.23.jar:8.5.23]
	... 19 common frames omitted

2017-11-22 20:33:59.083 ERROR 3872 --- [restartedMain] o.s.b.d.LoggingFailureAnalysisReporter   : 

***************************
APPLICATION FAILED TO START
***************************

Description:

The Tomcat connector configured to listen on port 8084 failed to start. The port may already be in use or the connector may be misconfigured.

Action:

Verify the connector's configuration, identify and stop any process that's listening on port 8084, or configure this application to listen on another port.

2017-11-22 20:37:47.465 ERROR 10520 --- [restartedMain] o.a.coyote.http11.Http11NioProtocol      : Failed to start end point associated with ProtocolHandler ["http-nio-8080"]

java.net.BindException: Address already in use: bind
	at sun.nio.ch.Net.bind0(Native Method) ~[na:1.8.0_101]
	at sun.nio.ch.Net.bind(Net.java:433) ~[na:1.8.0_101]
	at sun.nio.ch.Net.bind(Net.java:425) ~[na:1.8.0_101]
	at sun.nio.ch.ServerSocketChannelImpl.bind(ServerSocketChannelImpl.java:223) ~[na:1.8.0_101]
	at sun.nio.ch.ServerSocketAdaptor.bind(ServerSocketAdaptor.java:74) ~[na:1.8.0_101]
	at org.apache.tomcat.util.net.NioEndpoint.bind(NioEndpoint.java:210) ~[tomcat-embed-core-8.5.23.jar:8.5.23]
	at org.apache.tomcat.util.net.AbstractEndpoint.start(AbstractEndpoint.java:990) ~[tomcat-embed-core-8.5.23.jar:8.5.23]
	at org.apache.coyote.AbstractProtocol.start(AbstractProtocol.java:635) ~[tomcat-embed-core-8.5.23.jar:8.5.23]
	at org.apache.catalina.connector.Connector.startInternal(Connector.java:1022) [tomcat-embed-core-8.5.23.jar:8.5.23]
	at org.apache.catalina.util.LifecycleBase.start(LifecycleBase.java:150) [tomcat-embed-core-8.5.23.jar:8.5.23]
	at org.apache.catalina.core.StandardService.addConnector(StandardService.java:225) [tomcat-embed-core-8.5.23.jar:8.5.23]
	at org.springframework.boot.context.embedded.tomcat.TomcatEmbeddedServletContainer.addPreviouslyRemovedConnectors(TomcatEmbeddedServletContainer.java:250) [spring-boot-1.5.8.RELEASE.jar:1.5.8.RELEASE]
	at org.springframework.boot.context.embedded.tomcat.TomcatEmbeddedServletContainer.start(TomcatEmbeddedServletContainer.java:193) [spring-boot-1.5.8.RELEASE.jar:1.5.8.RELEASE]
	at org.springframework.boot.context.embedded.EmbeddedWebApplicationContext.startEmbeddedServletContainer(EmbeddedWebApplicationContext.java:297) [spring-boot-1.5.8.RELEASE.jar:1.5.8.RELEASE]
	at org.springframework.boot.context.embedded.EmbeddedWebApplicationContext.finishRefresh(EmbeddedWebApplicationContext.java:145) [spring-boot-1.5.8.RELEASE.jar:1.5.8.RELEASE]
	at org.springframework.context.support.AbstractApplicationContext.refresh(AbstractApplicationContext.java:546) [spring-context-4.3.12.RELEASE.jar:4.3.12.RELEASE]
	at org.springframework.boot.context.embedded.EmbeddedWebApplicationContext.refresh(EmbeddedWebApplicationContext.java:122) [spring-boot-1.5.8.RELEASE.jar:1.5.8.RELEASE]
	at org.springframework.boot.SpringApplication.refresh(SpringApplication.java:693) [spring-boot-1.5.8.RELEASE.jar:1.5.8.RELEASE]
	at org.springframework.boot.SpringApplication.refreshContext(SpringApplication.java:360) [spring-boot-1.5.8.RELEASE.jar:1.5.8.RELEASE]
	at org.springframework.boot.SpringApplication.run(SpringApplication.java:303) [spring-boot-1.5.8.RELEASE.jar:1.5.8.RELEASE]
	at org.springframework.boot.SpringApplication.run(SpringApplication.java:1118) [spring-boot-1.5.8.RELEASE.jar:1.5.8.RELEASE]
	at org.springframework.boot.SpringApplication.run(SpringApplication.java:1107) [spring-boot-1.5.8.RELEASE.jar:1.5.8.RELEASE]
	at com.example.simplemvc.SimpleMVCApplication.main(SimpleMVCApplication.java:10) [classes/:na]
	at sun.reflect.NativeMethodAccessorImpl.invoke0(Native Method) ~[na:1.8.0_101]
	at sun.reflect.NativeMethodAccessorImpl.invoke(NativeMethodAccessorImpl.java:62) ~[na:1.8.0_101]
	at sun.reflect.DelegatingMethodAccessorImpl.invoke(DelegatingMethodAccessorImpl.java:43) ~[na:1.8.0_101]
	at java.lang.reflect.Method.invoke(Method.java:498) ~[na:1.8.0_101]
	at org.springframework.boot.devtools.restart.RestartLauncher.run(RestartLauncher.java:49) [spring-boot-devtools-1.5.8.RELEASE.jar:1.5.8.RELEASE]

2017-11-22 20:37:47.472 ERROR 10520 --- [restartedMain] o.apache.catalina.core.StandardService   : Failed to start connector [Connector[HTTP/1.1-8080]]

org.apache.catalina.LifecycleException: Failed to start component [Connector[HTTP/1.1-8080]]
	at org.apache.catalina.util.LifecycleBase.start(LifecycleBase.java:167) ~[tomcat-embed-core-8.5.23.jar:8.5.23]
	at org.apache.catalina.core.StandardService.addConnector(StandardService.java:225) ~[tomcat-embed-core-8.5.23.jar:8.5.23]
	at org.springframework.boot.context.embedded.tomcat.TomcatEmbeddedServletContainer.addPreviouslyRemovedConnectors(TomcatEmbeddedServletContainer.java:250) [spring-boot-1.5.8.RELEASE.jar:1.5.8.RELEASE]
	at org.springframework.boot.context.embedded.tomcat.TomcatEmbeddedServletContainer.start(TomcatEmbeddedServletContainer.java:193) [spring-boot-1.5.8.RELEASE.jar:1.5.8.RELEASE]
	at org.springframework.boot.context.embedded.EmbeddedWebApplicationContext.startEmbeddedServletContainer(EmbeddedWebApplicationContext.java:297) [spring-boot-1.5.8.RELEASE.jar:1.5.8.RELEASE]
	at org.springframework.boot.context.embedded.EmbeddedWebApplicationContext.finishRefresh(EmbeddedWebApplicationContext.java:145) [spring-boot-1.5.8.RELEASE.jar:1.5.8.RELEASE]
	at org.springframework.context.support.AbstractApplicationContext.refresh(AbstractApplicationContext.java:546) [spring-context-4.3.12.RELEASE.jar:4.3.12.RELEASE]
	at org.springframework.boot.context.embedded.EmbeddedWebApplicationContext.refresh(EmbeddedWebApplicationContext.java:122) [spring-boot-1.5.8.RELEASE.jar:1.5.8.RELEASE]
	at org.springframework.boot.SpringApplication.refresh(SpringApplication.java:693) [spring-boot-1.5.8.RELEASE.jar:1.5.8.RELEASE]
	at org.springframework.boot.SpringApplication.refreshContext(SpringApplication.java:360) [spring-boot-1.5.8.RELEASE.jar:1.5.8.RELEASE]
	at org.springframework.boot.SpringApplication.run(SpringApplication.java:303) [spring-boot-1.5.8.RELEASE.jar:1.5.8.RELEASE]
	at org.springframework.boot.SpringApplication.run(SpringApplication.java:1118) [spring-boot-1.5.8.RELEASE.jar:1.5.8.RELEASE]
	at org.springframework.boot.SpringApplication.run(SpringApplication.java:1107) [spring-boot-1.5.8.RELEASE.jar:1.5.8.RELEASE]
	at com.example.simplemvc.SimpleMVCApplication.main(SimpleMVCApplication.java:10) [classes/:na]
	at sun.reflect.NativeMethodAccessorImpl.invoke0(Native Method) ~[na:1.8.0_101]
	at sun.reflect.NativeMethodAccessorImpl.invoke(NativeMethodAccessorImpl.java:62) ~[na:1.8.0_101]
	at sun.reflect.DelegatingMethodAccessorImpl.invoke(DelegatingMethodAccessorImpl.java:43) ~[na:1.8.0_101]
	at java.lang.reflect.Method.invoke(Method.java:498) ~[na:1.8.0_101]
	at org.springframework.boot.devtools.restart.RestartLauncher.run(RestartLauncher.java:49) [spring-boot-devtools-1.5.8.RELEASE.jar:1.5.8.RELEASE]
Caused by: org.apache.catalina.LifecycleException: service.getName(): "Tomcat";  Protocol handler start failed
	at org.apache.catalina.connector.Connector.startInternal(Connector.java:1031) ~[tomcat-embed-core-8.5.23.jar:8.5.23]
	at org.apache.catalina.util.LifecycleBase.start(LifecycleBase.java:150) ~[tomcat-embed-core-8.5.23.jar:8.5.23]
	... 18 common frames omitted
Caused by: java.net.BindException: Address already in use: bind
	at sun.nio.ch.Net.bind0(Native Method) ~[na:1.8.0_101]
	at sun.nio.ch.Net.bind(Net.java:433) ~[na:1.8.0_101]
	at sun.nio.ch.Net.bind(Net.java:425) ~[na:1.8.0_101]
	at sun.nio.ch.ServerSocketChannelImpl.bind(ServerSocketChannelImpl.java:223) ~[na:1.8.0_101]
	at sun.nio.ch.ServerSocketAdaptor.bind(ServerSocketAdaptor.java:74) ~[na:1.8.0_101]
	at org.apache.tomcat.util.net.NioEndpoint.bind(NioEndpoint.java:210) ~[tomcat-embed-core-8.5.23.jar:8.5.23]
	at org.apache.tomcat.util.net.AbstractEndpoint.start(AbstractEndpoint.java:990) ~[tomcat-embed-core-8.5.23.jar:8.5.23]
	at org.apache.coyote.AbstractProtocol.start(AbstractProtocol.java:635) ~[tomcat-embed-core-8.5.23.jar:8.5.23]
	at org.apache.catalina.connector.Connector.startInternal(Connector.java:1022) ~[tomcat-embed-core-8.5.23.jar:8.5.23]
	... 19 common frames omitted

2017-11-22 20:37:47.509 ERROR 10520 --- [restartedMain] o.s.b.d.LoggingFailureAnalysisReporter   : 

***************************
APPLICATION FAILED TO START
***************************

Description:

The Tomcat connector configured to listen on port 8080 failed to start. The port may already be in use or the connector may be misconfigured.

Action:

Verify the connector's configuration, identify and stop any process that's listening on port 8080, or configure this application to listen on another port.

2017-11-22 20:41:20.813 ERROR 2280 --- [restartedMain] o.a.coyote.http11.Http11NioProtocol      : Failed to start end point associated with ProtocolHandler ["http-nio-8080"]

java.net.BindException: Address already in use: bind
	at sun.nio.ch.Net.bind0(Native Method) ~[na:1.8.0_101]
	at sun.nio.ch.Net.bind(Net.java:433) ~[na:1.8.0_101]
	at sun.nio.ch.Net.bind(Net.java:425) ~[na:1.8.0_101]
	at sun.nio.ch.ServerSocketChannelImpl.bind(ServerSocketChannelImpl.java:223) ~[na:1.8.0_101]
	at sun.nio.ch.ServerSocketAdaptor.bind(ServerSocketAdaptor.java:74) ~[na:1.8.0_101]
	at org.apache.tomcat.util.net.NioEndpoint.bind(NioEndpoint.java:210) ~[tomcat-embed-core-8.5.23.jar:8.5.23]
	at org.apache.tomcat.util.net.AbstractEndpoint.start(AbstractEndpoint.java:990) ~[tomcat-embed-core-8.5.23.jar:8.5.23]
	at org.apache.coyote.AbstractProtocol.start(AbstractProtocol.java:635) ~[tomcat-embed-core-8.5.23.jar:8.5.23]
	at org.apache.catalina.connector.Connector.startInternal(Connector.java:1022) [tomcat-embed-core-8.5.23.jar:8.5.23]
	at org.apache.catalina.util.LifecycleBase.start(LifecycleBase.java:150) [tomcat-embed-core-8.5.23.jar:8.5.23]
	at org.apache.catalina.core.StandardService.addConnector(StandardService.java:225) [tomcat-embed-core-8.5.23.jar:8.5.23]
	at org.springframework.boot.context.embedded.tomcat.TomcatEmbeddedServletContainer.addPreviouslyRemovedConnectors(TomcatEmbeddedServletContainer.java:250) [spring-boot-1.5.8.RELEASE.jar:1.5.8.RELEASE]
	at org.springframework.boot.context.embedded.tomcat.TomcatEmbeddedServletContainer.start(TomcatEmbeddedServletContainer.java:193) [spring-boot-1.5.8.RELEASE.jar:1.5.8.RELEASE]
	at org.springframework.boot.context.embedded.EmbeddedWebApplicationContext.startEmbeddedServletContainer(EmbeddedWebApplicationContext.java:297) [spring-boot-1.5.8.RELEASE.jar:1.5.8.RELEASE]
	at org.springframework.boot.context.embedded.EmbeddedWebApplicationContext.finishRefresh(EmbeddedWebApplicationContext.java:145) [spring-boot-1.5.8.RELEASE.jar:1.5.8.RELEASE]
	at org.springframework.context.support.AbstractApplicationContext.refresh(AbstractApplicationContext.java:546) [spring-context-4.3.12.RELEASE.jar:4.3.12.RELEASE]
	at org.springframework.boot.context.embedded.EmbeddedWebApplicationContext.refresh(EmbeddedWebApplicationContext.java:122) [spring-boot-1.5.8.RELEASE.jar:1.5.8.RELEASE]
	at org.springframework.boot.SpringApplication.refresh(SpringApplication.java:693) [spring-boot-1.5.8.RELEASE.jar:1.5.8.RELEASE]
	at org.springframework.boot.SpringApplication.refreshContext(SpringApplication.java:360) [spring-boot-1.5.8.RELEASE.jar:1.5.8.RELEASE]
	at org.springframework.boot.SpringApplication.run(SpringApplication.java:303) [spring-boot-1.5.8.RELEASE.jar:1.5.8.RELEASE]
	at org.springframework.boot.SpringApplication.run(SpringApplication.java:1118) [spring-boot-1.5.8.RELEASE.jar:1.5.8.RELEASE]
	at org.springframework.boot.SpringApplication.run(SpringApplication.java:1107) [spring-boot-1.5.8.RELEASE.jar:1.5.8.RELEASE]
	at com.example.simplemvc.SimpleMVCApplication.main(SimpleMVCApplication.java:10) [classes/:na]
	at sun.reflect.NativeMethodAccessorImpl.invoke0(Native Method) ~[na:1.8.0_101]
	at sun.reflect.NativeMethodAccessorImpl.invoke(NativeMethodAccessorImpl.java:62) ~[na:1.8.0_101]
	at sun.reflect.DelegatingMethodAccessorImpl.invoke(DelegatingMethodAccessorImpl.java:43) ~[na:1.8.0_101]
	at java.lang.reflect.Method.invoke(Method.java:498) ~[na:1.8.0_101]
	at org.springframework.boot.devtools.restart.RestartLauncher.run(RestartLauncher.java:49) [spring-boot-devtools-1.5.8.RELEASE.jar:1.5.8.RELEASE]

2017-11-22 20:41:20.858 ERROR 2280 --- [restartedMain] o.apache.catalina.core.StandardService   : Failed to start connector [Connector[HTTP/1.1-8080]]

org.apache.catalina.LifecycleException: Failed to start component [Connector[HTTP/1.1-8080]]
	at org.apache.catalina.util.LifecycleBase.start(LifecycleBase.java:167) ~[tomcat-embed-core-8.5.23.jar:8.5.23]
	at org.apache.catalina.core.StandardService.addConnector(StandardService.java:225) ~[tomcat-embed-core-8.5.23.jar:8.5.23]
	at org.springframework.boot.context.embedded.tomcat.TomcatEmbeddedServletContainer.addPreviouslyRemovedConnectors(TomcatEmbeddedServletContainer.java:250) [spring-boot-1.5.8.RELEASE.jar:1.5.8.RELEASE]
	at org.springframework.boot.context.embedded.tomcat.TomcatEmbeddedServletContainer.start(TomcatEmbeddedServletContainer.java:193) [spring-boot-1.5.8.RELEASE.jar:1.5.8.RELEASE]
	at org.springframework.boot.context.embedded.EmbeddedWebApplicationContext.startEmbeddedServletContainer(EmbeddedWebApplicationContext.java:297) [spring-boot-1.5.8.RELEASE.jar:1.5.8.RELEASE]
	at org.springframework.boot.context.embedded.EmbeddedWebApplicationContext.finishRefresh(EmbeddedWebApplicationContext.java:145) [spring-boot-1.5.8.RELEASE.jar:1.5.8.RELEASE]
	at org.springframework.context.support.AbstractApplicationContext.refresh(AbstractApplicationContext.java:546) [spring-context-4.3.12.RELEASE.jar:4.3.12.RELEASE]
	at org.springframework.boot.context.embedded.EmbeddedWebApplicationContext.refresh(EmbeddedWebApplicationContext.java:122) [spring-boot-1.5.8.RELEASE.jar:1.5.8.RELEASE]
	at org.springframework.boot.SpringApplication.refresh(SpringApplication.java:693) [spring-boot-1.5.8.RELEASE.jar:1.5.8.RELEASE]
	at org.springframework.boot.SpringApplication.refreshContext(SpringApplication.java:360) [spring-boot-1.5.8.RELEASE.jar:1.5.8.RELEASE]
	at org.springframework.boot.SpringApplication.run(SpringApplication.java:303) [spring-boot-1.5.8.RELEASE.jar:1.5.8.RELEASE]
	at org.springframework.boot.SpringApplication.run(SpringApplication.java:1118) [spring-boot-1.5.8.RELEASE.jar:1.5.8.RELEASE]
	at org.springframework.boot.SpringApplication.run(SpringApplication.java:1107) [spring-boot-1.5.8.RELEASE.jar:1.5.8.RELEASE]
	at com.example.simplemvc.SimpleMVCApplication.main(SimpleMVCApplication.java:10) [classes/:na]
	at sun.reflect.NativeMethodAccessorImpl.invoke0(Native Method) ~[na:1.8.0_101]
	at sun.reflect.NativeMethodAccessorImpl.invoke(NativeMethodAccessorImpl.java:62) ~[na:1.8.0_101]
	at sun.reflect.DelegatingMethodAccessorImpl.invoke(DelegatingMethodAccessorImpl.java:43) ~[na:1.8.0_101]
	at java.lang.reflect.Method.invoke(Method.java:498) ~[na:1.8.0_101]
	at org.springframework.boot.devtools.restart.RestartLauncher.run(RestartLauncher.java:49) [spring-boot-devtools-1.5.8.RELEASE.jar:1.5.8.RELEASE]
Caused by: org.apache.catalina.LifecycleException: service.getName(): "Tomcat";  Protocol handler start failed
	at org.apache.catalina.connector.Connector.startInternal(Connector.java:1031) ~[tomcat-embed-core-8.5.23.jar:8.5.23]
	at org.apache.catalina.util.LifecycleBase.start(LifecycleBase.java:150) ~[tomcat-embed-core-8.5.23.jar:8.5.23]
	... 18 common frames omitted
Caused by: java.net.BindException: Address already in use: bind
	at sun.nio.ch.Net.bind0(Native Method) ~[na:1.8.0_101]
	at sun.nio.ch.Net.bind(Net.java:433) ~[na:1.8.0_101]
	at sun.nio.ch.Net.bind(Net.java:425) ~[na:1.8.0_101]
	at sun.nio.ch.ServerSocketChannelImpl.bind(ServerSocketChannelImpl.java:223) ~[na:1.8.0_101]
	at sun.nio.ch.ServerSocketAdaptor.bind(ServerSocketAdaptor.java:74) ~[na:1.8.0_101]
	at org.apache.tomcat.util.net.NioEndpoint.bind(NioEndpoint.java:210) ~[tomcat-embed-core-8.5.23.jar:8.5.23]
	at org.apache.tomcat.util.net.AbstractEndpoint.start(AbstractEndpoint.java:990) ~[tomcat-embed-core-8.5.23.jar:8.5.23]
	at org.apache.coyote.AbstractProtocol.start(AbstractProtocol.java:635) ~[tomcat-embed-core-8.5.23.jar:8.5.23]
	at org.apache.catalina.connector.Connector.startInternal(Connector.java:1022) ~[tomcat-embed-core-8.5.23.jar:8.5.23]
	... 19 common frames omitted

2017-11-22 20:41:20.923 ERROR 2280 --- [restartedMain] o.s.b.d.LoggingFailureAnalysisReporter   : 

***************************
APPLICATION FAILED TO START
***************************

Description:

The Tomcat connector configured to listen on port 8080 failed to start. The port may already be in use or the connector may be misconfigured.

Action:

Verify the connector's configuration, identify and stop any process that's listening on port 8080, or configure this application to listen on another port.

2017-11-22 20:42:08.422 ERROR 9316 --- [restartedMain] o.a.coyote.http11.Http11NioProtocol      : Failed to start end point associated with ProtocolHandler ["http-nio-8080"]

java.net.BindException: Address already in use: bind
	at sun.nio.ch.Net.bind0(Native Method) ~[na:1.8.0_101]
	at sun.nio.ch.Net.bind(Net.java:433) ~[na:1.8.0_101]
	at sun.nio.ch.Net.bind(Net.java:425) ~[na:1.8.0_101]
	at sun.nio.ch.ServerSocketChannelImpl.bind(ServerSocketChannelImpl.java:223) ~[na:1.8.0_101]
	at sun.nio.ch.ServerSocketAdaptor.bind(ServerSocketAdaptor.java:74) ~[na:1.8.0_101]
	at org.apache.tomcat.util.net.NioEndpoint.bind(NioEndpoint.java:210) ~[tomcat-embed-core-8.5.23.jar:8.5.23]
	at org.apache.tomcat.util.net.AbstractEndpoint.start(AbstractEndpoint.java:990) ~[tomcat-embed-core-8.5.23.jar:8.5.23]
	at org.apache.coyote.AbstractProtocol.start(AbstractProtocol.java:635) ~[tomcat-embed-core-8.5.23.jar:8.5.23]
	at org.apache.catalina.connector.Connector.startInternal(Connector.java:1022) [tomcat-embed-core-8.5.23.jar:8.5.23]
	at org.apache.catalina.util.LifecycleBase.start(LifecycleBase.java:150) [tomcat-embed-core-8.5.23.jar:8.5.23]
	at org.apache.catalina.core.StandardService.addConnector(StandardService.java:225) [tomcat-embed-core-8.5.23.jar:8.5.23]
	at org.springframework.boot.context.embedded.tomcat.TomcatEmbeddedServletContainer.addPreviouslyRemovedConnectors(TomcatEmbeddedServletContainer.java:250) [spring-boot-1.5.8.RELEASE.jar:1.5.8.RELEASE]
	at org.springframework.boot.context.embedded.tomcat.TomcatEmbeddedServletContainer.start(TomcatEmbeddedServletContainer.java:193) [spring-boot-1.5.8.RELEASE.jar:1.5.8.RELEASE]
	at org.springframework.boot.context.embedded.EmbeddedWebApplicationContext.startEmbeddedServletContainer(EmbeddedWebApplicationContext.java:297) [spring-boot-1.5.8.RELEASE.jar:1.5.8.RELEASE]
	at org.springframework.boot.context.embedded.EmbeddedWebApplicationContext.finishRefresh(EmbeddedWebApplicationContext.java:145) [spring-boot-1.5.8.RELEASE.jar:1.5.8.RELEASE]
	at org.springframework.context.support.AbstractApplicationContext.refresh(AbstractApplicationContext.java:546) [spring-context-4.3.12.RELEASE.jar:4.3.12.RELEASE]
	at org.springframework.boot.context.embedded.EmbeddedWebApplicationContext.refresh(EmbeddedWebApplicationContext.java:122) [spring-boot-1.5.8.RELEASE.jar:1.5.8.RELEASE]
	at org.springframework.boot.SpringApplication.refresh(SpringApplication.java:693) [spring-boot-1.5.8.RELEASE.jar:1.5.8.RELEASE]
	at org.springframework.boot.SpringApplication.refreshContext(SpringApplication.java:360) [spring-boot-1.5.8.RELEASE.jar:1.5.8.RELEASE]
	at org.springframework.boot.SpringApplication.run(SpringApplication.java:303) [spring-boot-1.5.8.RELEASE.jar:1.5.8.RELEASE]
	at org.springframework.boot.SpringApplication.run(SpringApplication.java:1118) [spring-boot-1.5.8.RELEASE.jar:1.5.8.RELEASE]
	at org.springframework.boot.SpringApplication.run(SpringApplication.java:1107) [spring-boot-1.5.8.RELEASE.jar:1.5.8.RELEASE]
	at com.example.simplemvc.SimpleMVCApplication.main(SimpleMVCApplication.java:10) [classes/:na]
	at sun.reflect.NativeMethodAccessorImpl.invoke0(Native Method) ~[na:1.8.0_101]
	at sun.reflect.NativeMethodAccessorImpl.invoke(NativeMethodAccessorImpl.java:62) ~[na:1.8.0_101]
	at sun.reflect.DelegatingMethodAccessorImpl.invoke(DelegatingMethodAccessorImpl.java:43) ~[na:1.8.0_101]
	at java.lang.reflect.Method.invoke(Method.java:498) ~[na:1.8.0_101]
	at org.springframework.boot.devtools.restart.RestartLauncher.run(RestartLauncher.java:49) [spring-boot-devtools-1.5.8.RELEASE.jar:1.5.8.RELEASE]

2017-11-22 20:42:08.438 ERROR 9316 --- [restartedMain] o.apache.catalina.core.StandardService   : Failed to start connector [Connector[HTTP/1.1-8080]]

org.apache.catalina.LifecycleException: Failed to start component [Connector[HTTP/1.1-8080]]
	at org.apache.catalina.util.LifecycleBase.start(LifecycleBase.java:167) ~[tomcat-embed-core-8.5.23.jar:8.5.23]
	at org.apache.catalina.core.StandardService.addConnector(StandardService.java:225) ~[tomcat-embed-core-8.5.23.jar:8.5.23]
	at org.springframework.boot.context.embedded.tomcat.TomcatEmbeddedServletContainer.addPreviouslyRemovedConnectors(TomcatEmbeddedServletContainer.java:250) [spring-boot-1.5.8.RELEASE.jar:1.5.8.RELEASE]
	at org.springframework.boot.context.embedded.tomcat.TomcatEmbeddedServletContainer.start(TomcatEmbeddedServletContainer.java:193) [spring-boot-1.5.8.RELEASE.jar:1.5.8.RELEASE]
	at org.springframework.boot.context.embedded.EmbeddedWebApplicationContext.startEmbeddedServletContainer(EmbeddedWebApplicationContext.java:297) [spring-boot-1.5.8.RELEASE.jar:1.5.8.RELEASE]
	at org.springframework.boot.context.embedded.EmbeddedWebApplicationContext.finishRefresh(EmbeddedWebApplicationContext.java:145) [spring-boot-1.5.8.RELEASE.jar:1.5.8.RELEASE]
	at org.springframework.context.support.AbstractApplicationContext.refresh(AbstractApplicationContext.java:546) [spring-context-4.3.12.RELEASE.jar:4.3.12.RELEASE]
	at org.springframework.boot.context.embedded.EmbeddedWebApplicationContext.refresh(EmbeddedWebApplicationContext.java:122) [spring-boot-1.5.8.RELEASE.jar:1.5.8.RELEASE]
	at org.springframework.boot.SpringApplication.refresh(SpringApplication.java:693) [spring-boot-1.5.8.RELEASE.jar:1.5.8.RELEASE]
	at org.springframework.boot.SpringApplication.refreshContext(SpringApplication.java:360) [spring-boot-1.5.8.RELEASE.jar:1.5.8.RELEASE]
	at org.springframework.boot.SpringApplication.run(SpringApplication.java:303) [spring-boot-1.5.8.RELEASE.jar:1.5.8.RELEASE]
	at org.springframework.boot.SpringApplication.run(SpringApplication.java:1118) [spring-boot-1.5.8.RELEASE.jar:1.5.8.RELEASE]
	at org.springframework.boot.SpringApplication.run(SpringApplication.java:1107) [spring-boot-1.5.8.RELEASE.jar:1.5.8.RELEASE]
	at com.example.simplemvc.SimpleMVCApplication.main(SimpleMVCApplication.java:10) [classes/:na]
	at sun.reflect.NativeMethodAccessorImpl.invoke0(Native Method) ~[na:1.8.0_101]
	at sun.reflect.NativeMethodAccessorImpl.invoke(NativeMethodAccessorImpl.java:62) ~[na:1.8.0_101]
	at sun.reflect.DelegatingMethodAccessorImpl.invoke(DelegatingMethodAccessorImpl.java:43) ~[na:1.8.0_101]
	at java.lang.reflect.Method.invoke(Method.java:498) ~[na:1.8.0_101]
	at org.springframework.boot.devtools.restart.RestartLauncher.run(RestartLauncher.java:49) [spring-boot-devtools-1.5.8.RELEASE.jar:1.5.8.RELEASE]
Caused by: org.apache.catalina.LifecycleException: service.getName(): "Tomcat";  Protocol handler start failed
	at org.apache.catalina.connector.Connector.startInternal(Connector.java:1031) ~[tomcat-embed-core-8.5.23.jar:8.5.23]
	at org.apache.catalina.util.LifecycleBase.start(LifecycleBase.java:150) ~[tomcat-embed-core-8.5.23.jar:8.5.23]
	... 18 common frames omitted
Caused by: java.net.BindException: Address already in use: bind
	at sun.nio.ch.Net.bind0(Native Method) ~[na:1.8.0_101]
	at sun.nio.ch.Net.bind(Net.java:433) ~[na:1.8.0_101]
	at sun.nio.ch.Net.bind(Net.java:425) ~[na:1.8.0_101]
	at sun.nio.ch.ServerSocketChannelImpl.bind(ServerSocketChannelImpl.java:223) ~[na:1.8.0_101]
	at sun.nio.ch.ServerSocketAdaptor.bind(ServerSocketAdaptor.java:74) ~[na:1.8.0_101]
	at org.apache.tomcat.util.net.NioEndpoint.bind(NioEndpoint.java:210) ~[tomcat-embed-core-8.5.23.jar:8.5.23]
	at org.apache.tomcat.util.net.AbstractEndpoint.start(AbstractEndpoint.java:990) ~[tomcat-embed-core-8.5.23.jar:8.5.23]
	at org.apache.coyote.AbstractProtocol.start(AbstractProtocol.java:635) ~[tomcat-embed-core-8.5.23.jar:8.5.23]
	at org.apache.catalina.connector.Connector.startInternal(Connector.java:1022) ~[tomcat-embed-core-8.5.23.jar:8.5.23]
	... 19 common frames omitted

2017-11-22 20:42:08.495 ERROR 9316 --- [restartedMain] o.s.b.d.LoggingFailureAnalysisReporter   : 

***************************
APPLICATION FAILED TO START
***************************

Description:

The Tomcat connector configured to listen on port 8080 failed to start. The port may already be in use or the connector may be misconfigured.

Action:

Verify the connector's configuration, identify and stop any process that's listening on port 8080, or configure this application to listen on another port.

2017-11-22 20:43:54.256 ERROR 1648 --- [restartedMain] o.a.coyote.http11.Http11NioProtocol      : Failed to start end point associated with ProtocolHandler ["http-nio-8080"]

java.net.BindException: Address already in use: bind
	at sun.nio.ch.Net.bind0(Native Method) ~[na:1.8.0_101]
	at sun.nio.ch.Net.bind(Net.java:433) ~[na:1.8.0_101]
	at sun.nio.ch.Net.bind(Net.java:425) ~[na:1.8.0_101]
	at sun.nio.ch.ServerSocketChannelImpl.bind(ServerSocketChannelImpl.java:223) ~[na:1.8.0_101]
	at sun.nio.ch.ServerSocketAdaptor.bind(ServerSocketAdaptor.java:74) ~[na:1.8.0_101]
	at org.apache.tomcat.util.net.NioEndpoint.bind(NioEndpoint.java:210) ~[tomcat-embed-core-8.5.23.jar:8.5.23]
	at org.apache.tomcat.util.net.AbstractEndpoint.start(AbstractEndpoint.java:990) ~[tomcat-embed-core-8.5.23.jar:8.5.23]
	at org.apache.coyote.AbstractProtocol.start(AbstractProtocol.java:635) ~[tomcat-embed-core-8.5.23.jar:8.5.23]
	at org.apache.catalina.connector.Connector.startInternal(Connector.java:1022) [tomcat-embed-core-8.5.23.jar:8.5.23]
	at org.apache.catalina.util.LifecycleBase.start(LifecycleBase.java:150) [tomcat-embed-core-8.5.23.jar:8.5.23]
	at org.apache.catalina.core.StandardService.addConnector(StandardService.java:225) [tomcat-embed-core-8.5.23.jar:8.5.23]
	at org.springframework.boot.context.embedded.tomcat.TomcatEmbeddedServletContainer.addPreviouslyRemovedConnectors(TomcatEmbeddedServletContainer.java:250) [spring-boot-1.5.8.RELEASE.jar:1.5.8.RELEASE]
	at org.springframework.boot.context.embedded.tomcat.TomcatEmbeddedServletContainer.start(TomcatEmbeddedServletContainer.java:193) [spring-boot-1.5.8.RELEASE.jar:1.5.8.RELEASE]
	at org.springframework.boot.context.embedded.EmbeddedWebApplicationContext.startEmbeddedServletContainer(EmbeddedWebApplicationContext.java:297) [spring-boot-1.5.8.RELEASE.jar:1.5.8.RELEASE]
	at org.springframework.boot.context.embedded.EmbeddedWebApplicationContext.finishRefresh(EmbeddedWebApplicationContext.java:145) [spring-boot-1.5.8.RELEASE.jar:1.5.8.RELEASE]
	at org.springframework.context.support.AbstractApplicationContext.refresh(AbstractApplicationContext.java:546) [spring-context-4.3.12.RELEASE.jar:4.3.12.RELEASE]
	at org.springframework.boot.context.embedded.EmbeddedWebApplicationContext.refresh(EmbeddedWebApplicationContext.java:122) [spring-boot-1.5.8.RELEASE.jar:1.5.8.RELEASE]
	at org.springframework.boot.SpringApplication.refresh(SpringApplication.java:693) [spring-boot-1.5.8.RELEASE.jar:1.5.8.RELEASE]
	at org.springframework.boot.SpringApplication.refreshContext(SpringApplication.java:360) [spring-boot-1.5.8.RELEASE.jar:1.5.8.RELEASE]
	at org.springframework.boot.SpringApplication.run(SpringApplication.java:303) [spring-boot-1.5.8.RELEASE.jar:1.5.8.RELEASE]
	at org.springframework.boot.SpringApplication.run(SpringApplication.java:1118) [spring-boot-1.5.8.RELEASE.jar:1.5.8.RELEASE]
	at org.springframework.boot.SpringApplication.run(SpringApplication.java:1107) [spring-boot-1.5.8.RELEASE.jar:1.5.8.RELEASE]
	at com.example.simplemvc.SimpleMVCApplication.main(SimpleMVCApplication.java:10) [classes/:na]
	at sun.reflect.NativeMethodAccessorImpl.invoke0(Native Method) ~[na:1.8.0_101]
	at sun.reflect.NativeMethodAccessorImpl.invoke(NativeMethodAccessorImpl.java:62) ~[na:1.8.0_101]
	at sun.reflect.DelegatingMethodAccessorImpl.invoke(DelegatingMethodAccessorImpl.java:43) ~[na:1.8.0_101]
	at java.lang.reflect.Method.invoke(Method.java:498) ~[na:1.8.0_101]
	at org.springframework.boot.devtools.restart.RestartLauncher.run(RestartLauncher.java:49) [spring-boot-devtools-1.5.8.RELEASE.jar:1.5.8.RELEASE]

2017-11-22 20:43:54.264 ERROR 1648 --- [restartedMain] o.apache.catalina.core.StandardService   : Failed to start connector [Connector[HTTP/1.1-8080]]

org.apache.catalina.LifecycleException: Failed to start component [Connector[HTTP/1.1-8080]]
	at org.apache.catalina.util.LifecycleBase.start(LifecycleBase.java:167) ~[tomcat-embed-core-8.5.23.jar:8.5.23]
	at org.apache.catalina.core.StandardService.addConnector(StandardService.java:225) ~[tomcat-embed-core-8.5.23.jar:8.5.23]
	at org.springframework.boot.context.embedded.tomcat.TomcatEmbeddedServletContainer.addPreviouslyRemovedConnectors(TomcatEmbeddedServletContainer.java:250) [spring-boot-1.5.8.RELEASE.jar:1.5.8.RELEASE]
	at org.springframework.boot.context.embedded.tomcat.TomcatEmbeddedServletContainer.start(TomcatEmbeddedServletContainer.java:193) [spring-boot-1.5.8.RELEASE.jar:1.5.8.RELEASE]
	at org.springframework.boot.context.embedded.EmbeddedWebApplicationContext.startEmbeddedServletContainer(EmbeddedWebApplicationContext.java:297) [spring-boot-1.5.8.RELEASE.jar:1.5.8.RELEASE]
	at org.springframework.boot.context.embedded.EmbeddedWebApplicationContext.finishRefresh(EmbeddedWebApplicationContext.java:145) [spring-boot-1.5.8.RELEASE.jar:1.5.8.RELEASE]
	at org.springframework.context.support.AbstractApplicationContext.refresh(AbstractApplicationContext.java:546) [spring-context-4.3.12.RELEASE.jar:4.3.12.RELEASE]
	at org.springframework.boot.context.embedded.EmbeddedWebApplicationContext.refresh(EmbeddedWebApplicationContext.java:122) [spring-boot-1.5.8.RELEASE.jar:1.5.8.RELEASE]
	at org.springframework.boot.SpringApplication.refresh(SpringApplication.java:693) [spring-boot-1.5.8.RELEASE.jar:1.5.8.RELEASE]
	at org.springframework.boot.SpringApplication.refreshContext(SpringApplication.java:360) [spring-boot-1.5.8.RELEASE.jar:1.5.8.RELEASE]
	at org.springframework.boot.SpringApplication.run(SpringApplication.java:303) [spring-boot-1.5.8.RELEASE.jar:1.5.8.RELEASE]
	at org.springframework.boot.SpringApplication.run(SpringApplication.java:1118) [spring-boot-1.5.8.RELEASE.jar:1.5.8.RELEASE]
	at org.springframework.boot.SpringApplication.run(SpringApplication.java:1107) [spring-boot-1.5.8.RELEASE.jar:1.5.8.RELEASE]
	at com.example.simplemvc.SimpleMVCApplication.main(SimpleMVCApplication.java:10) [classes/:na]
	at sun.reflect.NativeMethodAccessorImpl.invoke0(Native Method) ~[na:1.8.0_101]
	at sun.reflect.NativeMethodAccessorImpl.invoke(NativeMethodAccessorImpl.java:62) ~[na:1.8.0_101]
	at sun.reflect.DelegatingMethodAccessorImpl.invoke(DelegatingMethodAccessorImpl.java:43) ~[na:1.8.0_101]
	at java.lang.reflect.Method.invoke(Method.java:498) ~[na:1.8.0_101]
	at org.springframework.boot.devtools.restart.RestartLauncher.run(RestartLauncher.java:49) [spring-boot-devtools-1.5.8.RELEASE.jar:1.5.8.RELEASE]
Caused by: org.apache.catalina.LifecycleException: service.getName(): "Tomcat";  Protocol handler start failed
	at org.apache.catalina.connector.Connector.startInternal(Connector.java:1031) ~[tomcat-embed-core-8.5.23.jar:8.5.23]
	at org.apache.catalina.util.LifecycleBase.start(LifecycleBase.java:150) ~[tomcat-embed-core-8.5.23.jar:8.5.23]
	... 18 common frames omitted
Caused by: java.net.BindException: Address already in use: bind
	at sun.nio.ch.Net.bind0(Native Method) ~[na:1.8.0_101]
	at sun.nio.ch.Net.bind(Net.java:433) ~[na:1.8.0_101]
	at sun.nio.ch.Net.bind(Net.java:425) ~[na:1.8.0_101]
	at sun.nio.ch.ServerSocketChannelImpl.bind(ServerSocketChannelImpl.java:223) ~[na:1.8.0_101]
	at sun.nio.ch.ServerSocketAdaptor.bind(ServerSocketAdaptor.java:74) ~[na:1.8.0_101]
	at org.apache.tomcat.util.net.NioEndpoint.bind(NioEndpoint.java:210) ~[tomcat-embed-core-8.5.23.jar:8.5.23]
	at org.apache.tomcat.util.net.AbstractEndpoint.start(AbstractEndpoint.java:990) ~[tomcat-embed-core-8.5.23.jar:8.5.23]
	at org.apache.coyote.AbstractProtocol.start(AbstractProtocol.java:635) ~[tomcat-embed-core-8.5.23.jar:8.5.23]
	at org.apache.catalina.connector.Connector.startInternal(Connector.java:1022) ~[tomcat-embed-core-8.5.23.jar:8.5.23]
	... 19 common frames omitted

2017-11-22 20:43:54.319 ERROR 1648 --- [restartedMain] o.s.b.d.LoggingFailureAnalysisReporter   : 

***************************
APPLICATION FAILED TO START
***************************

Description:

The Tomcat connector configured to listen on port 8080 failed to start. The port may already be in use or the connector may be misconfigured.

Action:

Verify the connector's configuration, identify and stop any process that's listening on port 8080, or configure this application to listen on another port.

2017-11-22 20:45:28.036 ERROR 2060 --- [restartedMain] o.a.coyote.http11.Http11NioProtocol      : Failed to start end point associated with ProtocolHandler ["http-nio-8080"]

java.net.BindException: Address already in use: bind
	at sun.nio.ch.Net.bind0(Native Method) ~[na:1.8.0_101]
	at sun.nio.ch.Net.bind(Net.java:433) ~[na:1.8.0_101]
	at sun.nio.ch.Net.bind(Net.java:425) ~[na:1.8.0_101]
	at sun.nio.ch.ServerSocketChannelImpl.bind(ServerSocketChannelImpl.java:223) ~[na:1.8.0_101]
	at sun.nio.ch.ServerSocketAdaptor.bind(ServerSocketAdaptor.java:74) ~[na:1.8.0_101]
	at org.apache.tomcat.util.net.NioEndpoint.bind(NioEndpoint.java:210) ~[tomcat-embed-core-8.5.23.jar:8.5.23]
	at org.apache.tomcat.util.net.AbstractEndpoint.start(AbstractEndpoint.java:990) ~[tomcat-embed-core-8.5.23.jar:8.5.23]
	at org.apache.coyote.AbstractProtocol.start(AbstractProtocol.java:635) ~[tomcat-embed-core-8.5.23.jar:8.5.23]
	at org.apache.catalina.connector.Connector.startInternal(Connector.java:1022) [tomcat-embed-core-8.5.23.jar:8.5.23]
	at org.apache.catalina.util.LifecycleBase.start(LifecycleBase.java:150) [tomcat-embed-core-8.5.23.jar:8.5.23]
	at org.apache.catalina.core.StandardService.addConnector(StandardService.java:225) [tomcat-embed-core-8.5.23.jar:8.5.23]
	at org.springframework.boot.context.embedded.tomcat.TomcatEmbeddedServletContainer.addPreviouslyRemovedConnectors(TomcatEmbeddedServletContainer.java:250) [spring-boot-1.5.8.RELEASE.jar:1.5.8.RELEASE]
	at org.springframework.boot.context.embedded.tomcat.TomcatEmbeddedServletContainer.start(TomcatEmbeddedServletContainer.java:193) [spring-boot-1.5.8.RELEASE.jar:1.5.8.RELEASE]
	at org.springframework.boot.context.embedded.EmbeddedWebApplicationContext.startEmbeddedServletContainer(EmbeddedWebApplicationContext.java:297) [spring-boot-1.5.8.RELEASE.jar:1.5.8.RELEASE]
	at org.springframework.boot.context.embedded.EmbeddedWebApplicationContext.finishRefresh(EmbeddedWebApplicationContext.java:145) [spring-boot-1.5.8.RELEASE.jar:1.5.8.RELEASE]
	at org.springframework.context.support.AbstractApplicationContext.refresh(AbstractApplicationContext.java:546) [spring-context-4.3.12.RELEASE.jar:4.3.12.RELEASE]
	at org.springframework.boot.context.embedded.EmbeddedWebApplicationContext.refresh(EmbeddedWebApplicationContext.java:122) [spring-boot-1.5.8.RELEASE.jar:1.5.8.RELEASE]
	at org.springframework.boot.SpringApplication.refresh(SpringApplication.java:693) [spring-boot-1.5.8.RELEASE.jar:1.5.8.RELEASE]
	at org.springframework.boot.SpringApplication.refreshContext(SpringApplication.java:360) [spring-boot-1.5.8.RELEASE.jar:1.5.8.RELEASE]
	at org.springframework.boot.SpringApplication.run(SpringApplication.java:303) [spring-boot-1.5.8.RELEASE.jar:1.5.8.RELEASE]
	at org.springframework.boot.SpringApplication.run(SpringApplication.java:1118) [spring-boot-1.5.8.RELEASE.jar:1.5.8.RELEASE]
	at org.springframework.boot.SpringApplication.run(SpringApplication.java:1107) [spring-boot-1.5.8.RELEASE.jar:1.5.8.RELEASE]
	at com.example.simplemvc.SimpleMVCApplication.main(SimpleMVCApplication.java:10) [classes/:na]
	at sun.reflect.NativeMethodAccessorImpl.invoke0(Native Method) ~[na:1.8.0_101]
	at sun.reflect.NativeMethodAccessorImpl.invoke(NativeMethodAccessorImpl.java:62) ~[na:1.8.0_101]
	at sun.reflect.DelegatingMethodAccessorImpl.invoke(DelegatingMethodAccessorImpl.java:43) ~[na:1.8.0_101]
	at java.lang.reflect.Method.invoke(Method.java:498) ~[na:1.8.0_101]
	at org.springframework.boot.devtools.restart.RestartLauncher.run(RestartLauncher.java:49) [spring-boot-devtools-1.5.8.RELEASE.jar:1.5.8.RELEASE]

2017-11-22 20:45:28.040 ERROR 2060 --- [restartedMain] o.apache.catalina.core.StandardService   : Failed to start connector [Connector[HTTP/1.1-8080]]

org.apache.catalina.LifecycleException: Failed to start component [Connector[HTTP/1.1-8080]]
	at org.apache.catalina.util.LifecycleBase.start(LifecycleBase.java:167) ~[tomcat-embed-core-8.5.23.jar:8.5.23]
	at org.apache.catalina.core.StandardService.addConnector(StandardService.java:225) ~[tomcat-embed-core-8.5.23.jar:8.5.23]
	at org.springframework.boot.context.embedded.tomcat.TomcatEmbeddedServletContainer.addPreviouslyRemovedConnectors(TomcatEmbeddedServletContainer.java:250) [spring-boot-1.5.8.RELEASE.jar:1.5.8.RELEASE]
	at org.springframework.boot.context.embedded.tomcat.TomcatEmbeddedServletContainer.start(TomcatEmbeddedServletContainer.java:193) [spring-boot-1.5.8.RELEASE.jar:1.5.8.RELEASE]
	at org.springframework.boot.context.embedded.EmbeddedWebApplicationContext.startEmbeddedServletContainer(EmbeddedWebApplicationContext.java:297) [spring-boot-1.5.8.RELEASE.jar:1.5.8.RELEASE]
	at org.springframework.boot.context.embedded.EmbeddedWebApplicationContext.finishRefresh(EmbeddedWebApplicationContext.java:145) [spring-boot-1.5.8.RELEASE.jar:1.5.8.RELEASE]
	at org.springframework.context.support.AbstractApplicationContext.refresh(AbstractApplicationContext.java:546) [spring-context-4.3.12.RELEASE.jar:4.3.12.RELEASE]
	at org.springframework.boot.context.embedded.EmbeddedWebApplicationContext.refresh(EmbeddedWebApplicationContext.java:122) [spring-boot-1.5.8.RELEASE.jar:1.5.8.RELEASE]
	at org.springframework.boot.SpringApplication.refresh(SpringApplication.java:693) [spring-boot-1.5.8.RELEASE.jar:1.5.8.RELEASE]
	at org.springframework.boot.SpringApplication.refreshContext(SpringApplication.java:360) [spring-boot-1.5.8.RELEASE.jar:1.5.8.RELEASE]
	at org.springframework.boot.SpringApplication.run(SpringApplication.java:303) [spring-boot-1.5.8.RELEASE.jar:1.5.8.RELEASE]
	at org.springframework.boot.SpringApplication.run(SpringApplication.java:1118) [spring-boot-1.5.8.RELEASE.jar:1.5.8.RELEASE]
	at org.springframework.boot.SpringApplication.run(SpringApplication.java:1107) [spring-boot-1.5.8.RELEASE.jar:1.5.8.RELEASE]
	at com.example.simplemvc.SimpleMVCApplication.main(SimpleMVCApplication.java:10) [classes/:na]
	at sun.reflect.NativeMethodAccessorImpl.invoke0(Native Method) ~[na:1.8.0_101]
	at sun.reflect.NativeMethodAccessorImpl.invoke(NativeMethodAccessorImpl.java:62) ~[na:1.8.0_101]
	at sun.reflect.DelegatingMethodAccessorImpl.invoke(DelegatingMethodAccessorImpl.java:43) ~[na:1.8.0_101]
	at java.lang.reflect.Method.invoke(Method.java:498) ~[na:1.8.0_101]
	at org.springframework.boot.devtools.restart.RestartLauncher.run(RestartLauncher.java:49) [spring-boot-devtools-1.5.8.RELEASE.jar:1.5.8.RELEASE]
Caused by: org.apache.catalina.LifecycleException: service.getName(): "Tomcat";  Protocol handler start failed
	at org.apache.catalina.connector.Connector.startInternal(Connector.java:1031) ~[tomcat-embed-core-8.5.23.jar:8.5.23]
	at org.apache.catalina.util.LifecycleBase.start(LifecycleBase.java:150) ~[tomcat-embed-core-8.5.23.jar:8.5.23]
	... 18 common frames omitted
Caused by: java.net.BindException: Address already in use: bind
	at sun.nio.ch.Net.bind0(Native Method) ~[na:1.8.0_101]
	at sun.nio.ch.Net.bind(Net.java:433) ~[na:1.8.0_101]
	at sun.nio.ch.Net.bind(Net.java:425) ~[na:1.8.0_101]
	at sun.nio.ch.ServerSocketChannelImpl.bind(ServerSocketChannelImpl.java:223) ~[na:1.8.0_101]
	at sun.nio.ch.ServerSocketAdaptor.bind(ServerSocketAdaptor.java:74) ~[na:1.8.0_101]
	at org.apache.tomcat.util.net.NioEndpoint.bind(NioEndpoint.java:210) ~[tomcat-embed-core-8.5.23.jar:8.5.23]
	at org.apache.tomcat.util.net.AbstractEndpoint.start(AbstractEndpoint.java:990) ~[tomcat-embed-core-8.5.23.jar:8.5.23]
	at org.apache.coyote.AbstractProtocol.start(AbstractProtocol.java:635) ~[tomcat-embed-core-8.5.23.jar:8.5.23]
	at org.apache.catalina.connector.Connector.startInternal(Connector.java:1022) ~[tomcat-embed-core-8.5.23.jar:8.5.23]
	... 19 common frames omitted

2017-11-22 20:45:28.076 ERROR 2060 --- [restartedMain] o.s.b.d.LoggingFailureAnalysisReporter   : 

***************************
APPLICATION FAILED TO START
***************************

Description:

The Tomcat connector configured to listen on port 8080 failed to start. The port may already be in use or the connector may be misconfigured.

Action:

Verify the connector's configuration, identify and stop any process that's listening on port 8080, or configure this application to listen on another port.

